{"name": "Проверка логотипа Яндекса", "status": "broken", "statusDetails": {"message": "selenium.common.exceptions.TimeoutException: Message: \nStacktrace:\nRemoteError@chrome://remote/content/shared/RemoteError.sys.mjs:8:8\nWebDriverError@chrome://remote/content/shared/webdriver/Errors.sys.mjs:193:5\nNoSuchElementError@chrome://remote/content/shared/webdriver/Errors.sys.mjs:511:5\ndom.find/</<@chrome://remote/content/shared/DOM.sys.mjs:136:16", "trace": "self = <tests.test_logos.TestLogos object at 0x0000019331DA2960>, driver = <selenium.webdriver.firefox.webdriver.WebDriver (session=\"1a027ee4-9b47-4789-b456-691288fad86b\")>\n\n    @allure.title(\"Проверка логотипа Яндекса\")\n    def test_logo_yandex(self, driver):\n        main_page = MainPage(driver)\n        main_page.open_url(URL)\n        main_page.close_banner()\n        main_page.click_yandex_logo()\n        main_page.switch_to_new_window()\n>       assert main_page.is_dzen_logo_displayed(), \"Логотип Дзен не отображается или URL неправильный.\"\n\ntests\\test_logos.py:15: \n_ _ _ _ _ _ _ _ _ _ _ _ _ _ _ _ _ _ _ _ _ _ _ _ _ _ _ _ _ _ _ _ _ _ _ _ _ _ _ _ _ _ _ _ _ _ _ _ _ _ _ _ _ _ _ _ _ _ _ _ _ _ _ _ _ _ _ _ _ _ _ _ _ _ _ _ _ _ _ _ _ _ _ _ _ _ _ _ _ _ _ _\npages\\main_page.py:42: in is_dzen_logo_displayed\n    return self.is_element_displayed(LogosLocators.LOGO_DZEN) and \\\npages\\base_page.py:48: in is_element_displayed\n    element = self.find_element_with_wait(locator)\npages\\base_page.py:15: in find_element_with_wait\n    WebDriverWait(self.driver,10).until(EC.visibility_of_element_located(locator))\n_ _ _ _ _ _ _ _ _ _ _ _ _ _ _ _ _ _ _ _ _ _ _ _ _ _ _ _ _ _ _ _ _ _ _ _ _ _ _ _ _ _ _ _ _ _ _ _ _ _ _ _ _ _ _ _ _ _ _ _ _ _ _ _ _ _ _ _ _ _ _ _ _ _ _ _ _ _ _ _ _ _ _ _ _ _ _ _ _ _ _ _\n\nself = <selenium.webdriver.support.wait.WebDriverWait (session=\"1a027ee4-9b47-4789-b456-691288fad86b\")>\nmethod = <function visibility_of_element_located.<locals>._predicate at 0x0000019331E16020>, message = ''\n\n    def until(self, method: Callable[[D], Union[Literal[False], T]], message: str = \"\") -> T:\n        \"\"\"Calls the method provided with the driver as an argument until the \\\n        return value does not evaluate to ``False``.\n    \n        :param method: callable(WebDriver)\n        :param message: optional message for :exc:`TimeoutException`\n        :returns: the result of the last call to `method`\n        :raises: :exc:`selenium.common.exceptions.TimeoutException` if timeout occurs\n        \"\"\"\n        screen = None\n        stacktrace = None\n    \n        end_time = time.monotonic() + self._timeout\n        while True:\n            try:\n                value = method(self._driver)\n                if value:\n                    return value\n            except self._ignored_exceptions as exc:\n                screen = getattr(exc, \"screen\", None)\n                stacktrace = getattr(exc, \"stacktrace\", None)\n            if time.monotonic() > end_time:\n                break\n            time.sleep(self._poll)\n>       raise TimeoutException(message, screen, stacktrace)\nE       selenium.common.exceptions.TimeoutException: Message: \nE       Stacktrace:\nE       RemoteError@chrome://remote/content/shared/RemoteError.sys.mjs:8:8\nE       WebDriverError@chrome://remote/content/shared/webdriver/Errors.sys.mjs:193:5\nE       NoSuchElementError@chrome://remote/content/shared/webdriver/Errors.sys.mjs:511:5\nE       dom.find/</<@chrome://remote/content/shared/DOM.sys.mjs:136:16\n\n.venv\\Lib\\site-packages\\selenium\\webdriver\\support\\wait.py:105: TimeoutException"}, "steps": [{"name": "Открытие URL", "status": "passed", "parameters": [{"name": "url", "value": "'https://qa-scooter.praktikum-services.ru/'"}], "start": 1732549905956, "stop": 1732549908410}, {"name": "Закрыть баннер", "status": "passed", "steps": [{"name": "Клик по элементу", "status": "passed", "parameters": [{"name": "locator", "value": "['xpath', \"//button[contains(text(),'да все привыкли')]\"]"}], "start": 1732549908410, "stop": 1732549908794}], "start": 1732549908410, "stop": 1732549908794}, {"name": "Клик по логотипу Яндекса", "status": "passed", "steps": [{"name": "Клик по элементу", "status": "passed", "parameters": [{"name": "locator", "value": "['css selector', 'a.Header_LogoYandex__3TSOI']"}], "start": 1732549908794, "stop": 1732549908844}], "start": 1732549908794, "stop": 1732549908844}, {"name": "Переключение на новое окно", "status": "passed", "steps": [{"name": "Переключение на окно по индексу", "status": "passed", "parameters": [{"name": "index", "value": "1"}], "start": 1732549908844, "stop": 1732549908859}], "start": 1732549908844, "stop": 1732549908860}, {"name": "Проверка отображения логотипа Дзен", "status": "broken", "statusDetails": {"message": "selenium.common.exceptions.TimeoutException: Message: \nStacktrace:\nRemoteError@chrome://remote/content/shared/RemoteError.sys.mjs:8:8\nWebDriverError@chrome://remote/content/shared/webdriver/Errors.sys.mjs:193:5\nNoSuchElementError@chrome://remote/content/shared/webdriver/Errors.sys.mjs:511:5\ndom.find/</<@chrome://remote/content/shared/DOM.sys.mjs:136:16\n\n", "trace": "  File \"C:\\Users\\user\\PycharmProjects\\Sprint_12\\.venv\\Lib\\site-packages\\allure_commons\\_allure.py\", line 192, in impl\n    return func(*a, **kw)\n           ^^^^^^^^^^^^^^\n  File \"C:\\Users\\user\\PycharmProjects\\Sprint_12\\pages\\main_page.py\", line 42, in is_dzen_logo_displayed\n    return self.is_element_displayed(LogosLocators.LOGO_DZEN) and \\\n           ^^^^^^^^^^^^^^^^^^^^^^^^^^^^^^^^^^^^^^^^^^^^^^^^^^\n  File \"C:\\Users\\user\\PycharmProjects\\Sprint_12\\.venv\\Lib\\site-packages\\allure_commons\\_allure.py\", line 192, in impl\n    return func(*a, **kw)\n           ^^^^^^^^^^^^^^\n  File \"C:\\Users\\user\\PycharmProjects\\Sprint_12\\pages\\base_page.py\", line 48, in is_element_displayed\n    element = self.find_element_with_wait(locator)\n              ^^^^^^^^^^^^^^^^^^^^^^^^^^^^^^^^^^^^\n  File \"C:\\Users\\user\\PycharmProjects\\Sprint_12\\.venv\\Lib\\site-packages\\allure_commons\\_allure.py\", line 192, in impl\n    return func(*a, **kw)\n           ^^^^^^^^^^^^^^\n  File \"C:\\Users\\user\\PycharmProjects\\Sprint_12\\pages\\base_page.py\", line 15, in find_element_with_wait\n    WebDriverWait(self.driver,10).until(EC.visibility_of_element_located(locator))\n  File \"C:\\Users\\user\\PycharmProjects\\Sprint_12\\.venv\\Lib\\site-packages\\selenium\\webdriver\\support\\wait.py\", line 105, in until\n    raise TimeoutException(message, screen, stacktrace)\n"}, "steps": [{"name": "Ожидание элемента и проверка его отображения", "status": "broken", "statusDetails": {"message": "selenium.common.exceptions.TimeoutException: Message: \nStacktrace:\nRemoteError@chrome://remote/content/shared/RemoteError.sys.mjs:8:8\nWebDriverError@chrome://remote/content/shared/webdriver/Errors.sys.mjs:193:5\nNoSuchElementError@chrome://remote/content/shared/webdriver/Errors.sys.mjs:511:5\ndom.find/</<@chrome://remote/content/shared/DOM.sys.mjs:136:16\n\n", "trace": "  File \"C:\\Users\\user\\PycharmProjects\\Sprint_12\\.venv\\Lib\\site-packages\\allure_commons\\_allure.py\", line 192, in impl\n    return func(*a, **kw)\n           ^^^^^^^^^^^^^^\n  File \"C:\\Users\\user\\PycharmProjects\\Sprint_12\\pages\\base_page.py\", line 48, in is_element_displayed\n    element = self.find_element_with_wait(locator)\n              ^^^^^^^^^^^^^^^^^^^^^^^^^^^^^^^^^^^^\n  File \"C:\\Users\\user\\PycharmProjects\\Sprint_12\\.venv\\Lib\\site-packages\\allure_commons\\_allure.py\", line 192, in impl\n    return func(*a, **kw)\n           ^^^^^^^^^^^^^^\n  File \"C:\\Users\\user\\PycharmProjects\\Sprint_12\\pages\\base_page.py\", line 15, in find_element_with_wait\n    WebDriverWait(self.driver,10).until(EC.visibility_of_element_located(locator))\n  File \"C:\\Users\\user\\PycharmProjects\\Sprint_12\\.venv\\Lib\\site-packages\\selenium\\webdriver\\support\\wait.py\", line 105, in until\n    raise TimeoutException(message, screen, stacktrace)\n"}, "steps": [{"name": "Поиск элемента с ожиданием", "status": "broken", "statusDetails": {"message": "selenium.common.exceptions.TimeoutException: Message: \nStacktrace:\nRemoteError@chrome://remote/content/shared/RemoteError.sys.mjs:8:8\nWebDriverError@chrome://remote/content/shared/webdriver/Errors.sys.mjs:193:5\nNoSuchElementError@chrome://remote/content/shared/webdriver/Errors.sys.mjs:511:5\ndom.find/</<@chrome://remote/content/shared/DOM.sys.mjs:136:16\n\n", "trace": "  File \"C:\\Users\\user\\PycharmProjects\\Sprint_12\\.venv\\Lib\\site-packages\\allure_commons\\_allure.py\", line 192, in impl\n    return func(*a, **kw)\n           ^^^^^^^^^^^^^^\n  File \"C:\\Users\\user\\PycharmProjects\\Sprint_12\\pages\\base_page.py\", line 15, in find_element_with_wait\n    WebDriverWait(self.driver,10).until(EC.visibility_of_element_located(locator))\n  File \"C:\\Users\\user\\PycharmProjects\\Sprint_12\\.venv\\Lib\\site-packages\\selenium\\webdriver\\support\\wait.py\", line 105, in until\n    raise TimeoutException(message, screen, stacktrace)\n"}, "parameters": [{"name": "locator", "value": "('css selector', 'a.dzen-layout--desktop-base-header__logoLink-2h')"}], "start": 1732549908860, "stop": 1732549918966}], "parameters": [{"name": "locator", "value": "('css selector', 'a.dzen-layout--desktop-base-header__logoLink-2h')"}], "start": 1732549908860, "stop": 1732549918993}], "start": 1732549908860, "stop": 1732549918993}], "start": 1732549905956, "stop": 1732549918994, "uuid": "d17f6992-d3a8-4049-ab31-113eaca9d59e", "historyId": "2f600a9ed793234dde2ccfa6b65a5f1d", "testCaseId": "2f600a9ed793234dde2ccfa6b65a5f1d", "fullName": "tests.test_logos.TestLogos#test_logo_yandex", "labels": [{"name": "parentSuite", "value": "tests"}, {"name": "suite", "value": "test_logos"}, {"name": "subSuite", "value": "TestLogos"}, {"name": "host", "value": "WIN-EKB0MMLGAJ0"}, {"name": "thread", "value": "19652-MainThread"}, {"name": "framework", "value": "pytest"}, {"name": "language", "value": "cpython3"}, {"name": "package", "value": "tests.test_logos"}]}