{
  "uid" : "8e6d5c412f8cfaf3",
  "name" : "Проверка логотипа Яндекса",
  "fullName" : "tests.test_logos.TestLogos#test_logo_yandex",
  "historyId" : "2f600a9ed793234dde2ccfa6b65a5f1d",
  "time" : {
    "start" : 1732549905956,
    "stop" : 1732549918994,
    "duration" : 13038
  },
  "status" : "broken",
  "statusMessage" : "selenium.common.exceptions.TimeoutException: Message: \nStacktrace:\nRemoteError@chrome://remote/content/shared/RemoteError.sys.mjs:8:8\nWebDriverError@chrome://remote/content/shared/webdriver/Errors.sys.mjs:193:5\nNoSuchElementError@chrome://remote/content/shared/webdriver/Errors.sys.mjs:511:5\ndom.find/</<@chrome://remote/content/shared/DOM.sys.mjs:136:16",
  "statusTrace" : "self = <tests.test_logos.TestLogos object at 0x0000019331DA2960>, driver = <selenium.webdriver.firefox.webdriver.WebDriver (session=\"1a027ee4-9b47-4789-b456-691288fad86b\")>\n\n    @allure.title(\"Проверка логотипа Яндекса\")\n    def test_logo_yandex(self, driver):\n        main_page = MainPage(driver)\n        main_page.open_url(URL)\n        main_page.close_banner()\n        main_page.click_yandex_logo()\n        main_page.switch_to_new_window()\n>       assert main_page.is_dzen_logo_displayed(), \"Логотип Дзен не отображается или URL неправильный.\"\n\ntests\\test_logos.py:15: \n_ _ _ _ _ _ _ _ _ _ _ _ _ _ _ _ _ _ _ _ _ _ _ _ _ _ _ _ _ _ _ _ _ _ _ _ _ _ _ _ _ _ _ _ _ _ _ _ _ _ _ _ _ _ _ _ _ _ _ _ _ _ _ _ _ _ _ _ _ _ _ _ _ _ _ _ _ _ _ _ _ _ _ _ _ _ _ _ _ _ _ _\npages\\main_page.py:42: in is_dzen_logo_displayed\n    return self.is_element_displayed(LogosLocators.LOGO_DZEN) and \\\npages\\base_page.py:48: in is_element_displayed\n    element = self.find_element_with_wait(locator)\npages\\base_page.py:15: in find_element_with_wait\n    WebDriverWait(self.driver,10).until(EC.visibility_of_element_located(locator))\n_ _ _ _ _ _ _ _ _ _ _ _ _ _ _ _ _ _ _ _ _ _ _ _ _ _ _ _ _ _ _ _ _ _ _ _ _ _ _ _ _ _ _ _ _ _ _ _ _ _ _ _ _ _ _ _ _ _ _ _ _ _ _ _ _ _ _ _ _ _ _ _ _ _ _ _ _ _ _ _ _ _ _ _ _ _ _ _ _ _ _ _\n\nself = <selenium.webdriver.support.wait.WebDriverWait (session=\"1a027ee4-9b47-4789-b456-691288fad86b\")>\nmethod = <function visibility_of_element_located.<locals>._predicate at 0x0000019331E16020>, message = ''\n\n    def until(self, method: Callable[[D], Union[Literal[False], T]], message: str = \"\") -> T:\n        \"\"\"Calls the method provided with the driver as an argument until the \\\n        return value does not evaluate to ``False``.\n    \n        :param method: callable(WebDriver)\n        :param message: optional message for :exc:`TimeoutException`\n        :returns: the result of the last call to `method`\n        :raises: :exc:`selenium.common.exceptions.TimeoutException` if timeout occurs\n        \"\"\"\n        screen = None\n        stacktrace = None\n    \n        end_time = time.monotonic() + self._timeout\n        while True:\n            try:\n                value = method(self._driver)\n                if value:\n                    return value\n            except self._ignored_exceptions as exc:\n                screen = getattr(exc, \"screen\", None)\n                stacktrace = getattr(exc, \"stacktrace\", None)\n            if time.monotonic() > end_time:\n                break\n            time.sleep(self._poll)\n>       raise TimeoutException(message, screen, stacktrace)\nE       selenium.common.exceptions.TimeoutException: Message: \nE       Stacktrace:\nE       RemoteError@chrome://remote/content/shared/RemoteError.sys.mjs:8:8\nE       WebDriverError@chrome://remote/content/shared/webdriver/Errors.sys.mjs:193:5\nE       NoSuchElementError@chrome://remote/content/shared/webdriver/Errors.sys.mjs:511:5\nE       dom.find/</<@chrome://remote/content/shared/DOM.sys.mjs:136:16\n\n.venv\\Lib\\site-packages\\selenium\\webdriver\\support\\wait.py:105: TimeoutException",
  "flaky" : true,
  "beforeStages" : [ {
    "name" : "driver",
    "time" : {
      "start" : 1732549899997,
      "stop" : 1732549905955,
      "duration" : 5958
    },
    "status" : "passed",
    "steps" : [ ],
    "attachments" : [ ],
    "parameters" : [ ],
    "stepsCount" : 0,
    "hasContent" : false,
    "attachmentsCount" : 0,
    "shouldDisplayMessage" : false
  } ],
  "testStage" : {
    "status" : "broken",
    "statusMessage" : "selenium.common.exceptions.TimeoutException: Message: \nStacktrace:\nRemoteError@chrome://remote/content/shared/RemoteError.sys.mjs:8:8\nWebDriverError@chrome://remote/content/shared/webdriver/Errors.sys.mjs:193:5\nNoSuchElementError@chrome://remote/content/shared/webdriver/Errors.sys.mjs:511:5\ndom.find/</<@chrome://remote/content/shared/DOM.sys.mjs:136:16",
    "statusTrace" : "self = <tests.test_logos.TestLogos object at 0x0000019331DA2960>, driver = <selenium.webdriver.firefox.webdriver.WebDriver (session=\"1a027ee4-9b47-4789-b456-691288fad86b\")>\n\n    @allure.title(\"Проверка логотипа Яндекса\")\n    def test_logo_yandex(self, driver):\n        main_page = MainPage(driver)\n        main_page.open_url(URL)\n        main_page.close_banner()\n        main_page.click_yandex_logo()\n        main_page.switch_to_new_window()\n>       assert main_page.is_dzen_logo_displayed(), \"Логотип Дзен не отображается или URL неправильный.\"\n\ntests\\test_logos.py:15: \n_ _ _ _ _ _ _ _ _ _ _ _ _ _ _ _ _ _ _ _ _ _ _ _ _ _ _ _ _ _ _ _ _ _ _ _ _ _ _ _ _ _ _ _ _ _ _ _ _ _ _ _ _ _ _ _ _ _ _ _ _ _ _ _ _ _ _ _ _ _ _ _ _ _ _ _ _ _ _ _ _ _ _ _ _ _ _ _ _ _ _ _\npages\\main_page.py:42: in is_dzen_logo_displayed\n    return self.is_element_displayed(LogosLocators.LOGO_DZEN) and \\\npages\\base_page.py:48: in is_element_displayed\n    element = self.find_element_with_wait(locator)\npages\\base_page.py:15: in find_element_with_wait\n    WebDriverWait(self.driver,10).until(EC.visibility_of_element_located(locator))\n_ _ _ _ _ _ _ _ _ _ _ _ _ _ _ _ _ _ _ _ _ _ _ _ _ _ _ _ _ _ _ _ _ _ _ _ _ _ _ _ _ _ _ _ _ _ _ _ _ _ _ _ _ _ _ _ _ _ _ _ _ _ _ _ _ _ _ _ _ _ _ _ _ _ _ _ _ _ _ _ _ _ _ _ _ _ _ _ _ _ _ _\n\nself = <selenium.webdriver.support.wait.WebDriverWait (session=\"1a027ee4-9b47-4789-b456-691288fad86b\")>\nmethod = <function visibility_of_element_located.<locals>._predicate at 0x0000019331E16020>, message = ''\n\n    def until(self, method: Callable[[D], Union[Literal[False], T]], message: str = \"\") -> T:\n        \"\"\"Calls the method provided with the driver as an argument until the \\\n        return value does not evaluate to ``False``.\n    \n        :param method: callable(WebDriver)\n        :param message: optional message for :exc:`TimeoutException`\n        :returns: the result of the last call to `method`\n        :raises: :exc:`selenium.common.exceptions.TimeoutException` if timeout occurs\n        \"\"\"\n        screen = None\n        stacktrace = None\n    \n        end_time = time.monotonic() + self._timeout\n        while True:\n            try:\n                value = method(self._driver)\n                if value:\n                    return value\n            except self._ignored_exceptions as exc:\n                screen = getattr(exc, \"screen\", None)\n                stacktrace = getattr(exc, \"stacktrace\", None)\n            if time.monotonic() > end_time:\n                break\n            time.sleep(self._poll)\n>       raise TimeoutException(message, screen, stacktrace)\nE       selenium.common.exceptions.TimeoutException: Message: \nE       Stacktrace:\nE       RemoteError@chrome://remote/content/shared/RemoteError.sys.mjs:8:8\nE       WebDriverError@chrome://remote/content/shared/webdriver/Errors.sys.mjs:193:5\nE       NoSuchElementError@chrome://remote/content/shared/webdriver/Errors.sys.mjs:511:5\nE       dom.find/</<@chrome://remote/content/shared/DOM.sys.mjs:136:16\n\n.venv\\Lib\\site-packages\\selenium\\webdriver\\support\\wait.py:105: TimeoutException",
    "steps" : [ {
      "name" : "Открытие URL",
      "time" : {
        "start" : 1732549905956,
        "stop" : 1732549908410,
        "duration" : 2454
      },
      "status" : "passed",
      "steps" : [ ],
      "attachments" : [ ],
      "parameters" : [ {
        "name" : "url",
        "value" : "'https://qa-scooter.praktikum-services.ru/'"
      } ],
      "stepsCount" : 0,
      "hasContent" : true,
      "attachmentsCount" : 0,
      "shouldDisplayMessage" : false
    }, {
      "name" : "Закрыть баннер",
      "time" : {
        "start" : 1732549908410,
        "stop" : 1732549908794,
        "duration" : 384
      },
      "status" : "passed",
      "steps" : [ {
        "name" : "Клик по элементу",
        "time" : {
          "start" : 1732549908410,
          "stop" : 1732549908794,
          "duration" : 384
        },
        "status" : "passed",
        "steps" : [ ],
        "attachments" : [ ],
        "parameters" : [ {
          "name" : "locator",
          "value" : "['xpath', \"//button[contains(text(),'да все привыкли')]\"]"
        } ],
        "stepsCount" : 0,
        "hasContent" : true,
        "attachmentsCount" : 0,
        "shouldDisplayMessage" : false
      } ],
      "attachments" : [ ],
      "parameters" : [ ],
      "stepsCount" : 1,
      "hasContent" : true,
      "attachmentsCount" : 0,
      "shouldDisplayMessage" : false
    }, {
      "name" : "Клик по логотипу Яндекса",
      "time" : {
        "start" : 1732549908794,
        "stop" : 1732549908844,
        "duration" : 50
      },
      "status" : "passed",
      "steps" : [ {
        "name" : "Клик по элементу",
        "time" : {
          "start" : 1732549908794,
          "stop" : 1732549908844,
          "duration" : 50
        },
        "status" : "passed",
        "steps" : [ ],
        "attachments" : [ ],
        "parameters" : [ {
          "name" : "locator",
          "value" : "['css selector', 'a.Header_LogoYandex__3TSOI']"
        } ],
        "stepsCount" : 0,
        "hasContent" : true,
        "attachmentsCount" : 0,
        "shouldDisplayMessage" : false
      } ],
      "attachments" : [ ],
      "parameters" : [ ],
      "stepsCount" : 1,
      "hasContent" : true,
      "attachmentsCount" : 0,
      "shouldDisplayMessage" : false
    }, {
      "name" : "Переключение на новое окно",
      "time" : {
        "start" : 1732549908844,
        "stop" : 1732549908860,
        "duration" : 16
      },
      "status" : "passed",
      "steps" : [ {
        "name" : "Переключение на окно по индексу",
        "time" : {
          "start" : 1732549908844,
          "stop" : 1732549908859,
          "duration" : 15
        },
        "status" : "passed",
        "steps" : [ ],
        "attachments" : [ ],
        "parameters" : [ {
          "name" : "index",
          "value" : "1"
        } ],
        "stepsCount" : 0,
        "hasContent" : true,
        "attachmentsCount" : 0,
        "shouldDisplayMessage" : false
      } ],
      "attachments" : [ ],
      "parameters" : [ ],
      "stepsCount" : 1,
      "hasContent" : true,
      "attachmentsCount" : 0,
      "shouldDisplayMessage" : false
    }, {
      "name" : "Проверка отображения логотипа Дзен",
      "time" : {
        "start" : 1732549908860,
        "stop" : 1732549918993,
        "duration" : 10133
      },
      "status" : "broken",
      "statusMessage" : "selenium.common.exceptions.TimeoutException: Message: \nStacktrace:\nRemoteError@chrome://remote/content/shared/RemoteError.sys.mjs:8:8\nWebDriverError@chrome://remote/content/shared/webdriver/Errors.sys.mjs:193:5\nNoSuchElementError@chrome://remote/content/shared/webdriver/Errors.sys.mjs:511:5\ndom.find/</<@chrome://remote/content/shared/DOM.sys.mjs:136:16\n\n",
      "statusTrace" : "  File \"C:\\Users\\user\\PycharmProjects\\Sprint_12\\.venv\\Lib\\site-packages\\allure_commons\\_allure.py\", line 192, in impl\n    return func(*a, **kw)\n           ^^^^^^^^^^^^^^\n  File \"C:\\Users\\user\\PycharmProjects\\Sprint_12\\pages\\main_page.py\", line 42, in is_dzen_logo_displayed\n    return self.is_element_displayed(LogosLocators.LOGO_DZEN) and \\\n           ^^^^^^^^^^^^^^^^^^^^^^^^^^^^^^^^^^^^^^^^^^^^^^^^^^\n  File \"C:\\Users\\user\\PycharmProjects\\Sprint_12\\.venv\\Lib\\site-packages\\allure_commons\\_allure.py\", line 192, in impl\n    return func(*a, **kw)\n           ^^^^^^^^^^^^^^\n  File \"C:\\Users\\user\\PycharmProjects\\Sprint_12\\pages\\base_page.py\", line 48, in is_element_displayed\n    element = self.find_element_with_wait(locator)\n              ^^^^^^^^^^^^^^^^^^^^^^^^^^^^^^^^^^^^\n  File \"C:\\Users\\user\\PycharmProjects\\Sprint_12\\.venv\\Lib\\site-packages\\allure_commons\\_allure.py\", line 192, in impl\n    return func(*a, **kw)\n           ^^^^^^^^^^^^^^\n  File \"C:\\Users\\user\\PycharmProjects\\Sprint_12\\pages\\base_page.py\", line 15, in find_element_with_wait\n    WebDriverWait(self.driver,10).until(EC.visibility_of_element_located(locator))\n  File \"C:\\Users\\user\\PycharmProjects\\Sprint_12\\.venv\\Lib\\site-packages\\selenium\\webdriver\\support\\wait.py\", line 105, in until\n    raise TimeoutException(message, screen, stacktrace)\n",
      "steps" : [ {
        "name" : "Ожидание элемента и проверка его отображения",
        "time" : {
          "start" : 1732549908860,
          "stop" : 1732549918993,
          "duration" : 10133
        },
        "status" : "broken",
        "statusMessage" : "selenium.common.exceptions.TimeoutException: Message: \nStacktrace:\nRemoteError@chrome://remote/content/shared/RemoteError.sys.mjs:8:8\nWebDriverError@chrome://remote/content/shared/webdriver/Errors.sys.mjs:193:5\nNoSuchElementError@chrome://remote/content/shared/webdriver/Errors.sys.mjs:511:5\ndom.find/</<@chrome://remote/content/shared/DOM.sys.mjs:136:16\n\n",
        "statusTrace" : "  File \"C:\\Users\\user\\PycharmProjects\\Sprint_12\\.venv\\Lib\\site-packages\\allure_commons\\_allure.py\", line 192, in impl\n    return func(*a, **kw)\n           ^^^^^^^^^^^^^^\n  File \"C:\\Users\\user\\PycharmProjects\\Sprint_12\\pages\\base_page.py\", line 48, in is_element_displayed\n    element = self.find_element_with_wait(locator)\n              ^^^^^^^^^^^^^^^^^^^^^^^^^^^^^^^^^^^^\n  File \"C:\\Users\\user\\PycharmProjects\\Sprint_12\\.venv\\Lib\\site-packages\\allure_commons\\_allure.py\", line 192, in impl\n    return func(*a, **kw)\n           ^^^^^^^^^^^^^^\n  File \"C:\\Users\\user\\PycharmProjects\\Sprint_12\\pages\\base_page.py\", line 15, in find_element_with_wait\n    WebDriverWait(self.driver,10).until(EC.visibility_of_element_located(locator))\n  File \"C:\\Users\\user\\PycharmProjects\\Sprint_12\\.venv\\Lib\\site-packages\\selenium\\webdriver\\support\\wait.py\", line 105, in until\n    raise TimeoutException(message, screen, stacktrace)\n",
        "steps" : [ {
          "name" : "Поиск элемента с ожиданием",
          "time" : {
            "start" : 1732549908860,
            "stop" : 1732549918966,
            "duration" : 10106
          },
          "status" : "broken",
          "statusMessage" : "selenium.common.exceptions.TimeoutException: Message: \nStacktrace:\nRemoteError@chrome://remote/content/shared/RemoteError.sys.mjs:8:8\nWebDriverError@chrome://remote/content/shared/webdriver/Errors.sys.mjs:193:5\nNoSuchElementError@chrome://remote/content/shared/webdriver/Errors.sys.mjs:511:5\ndom.find/</<@chrome://remote/content/shared/DOM.sys.mjs:136:16\n\n",
          "statusTrace" : "  File \"C:\\Users\\user\\PycharmProjects\\Sprint_12\\.venv\\Lib\\site-packages\\allure_commons\\_allure.py\", line 192, in impl\n    return func(*a, **kw)\n           ^^^^^^^^^^^^^^\n  File \"C:\\Users\\user\\PycharmProjects\\Sprint_12\\pages\\base_page.py\", line 15, in find_element_with_wait\n    WebDriverWait(self.driver,10).until(EC.visibility_of_element_located(locator))\n  File \"C:\\Users\\user\\PycharmProjects\\Sprint_12\\.venv\\Lib\\site-packages\\selenium\\webdriver\\support\\wait.py\", line 105, in until\n    raise TimeoutException(message, screen, stacktrace)\n",
          "steps" : [ ],
          "attachments" : [ ],
          "parameters" : [ {
            "name" : "locator",
            "value" : "('css selector', 'a.dzen-layout--desktop-base-header__logoLink-2h')"
          } ],
          "stepsCount" : 0,
          "hasContent" : true,
          "attachmentsCount" : 0,
          "shouldDisplayMessage" : true
        } ],
        "attachments" : [ ],
        "parameters" : [ {
          "name" : "locator",
          "value" : "('css selector', 'a.dzen-layout--desktop-base-header__logoLink-2h')"
        } ],
        "stepsCount" : 1,
        "hasContent" : true,
        "attachmentsCount" : 0,
        "shouldDisplayMessage" : false
      } ],
      "attachments" : [ ],
      "parameters" : [ ],
      "stepsCount" : 2,
      "hasContent" : true,
      "attachmentsCount" : 0,
      "shouldDisplayMessage" : false
    } ],
    "attachments" : [ ],
    "parameters" : [ ],
    "stepsCount" : 10,
    "hasContent" : true,
    "attachmentsCount" : 0,
    "shouldDisplayMessage" : true
  },
  "afterStages" : [ {
    "name" : "driver::0",
    "time" : {
      "start" : 1732549919071,
      "stop" : 1732549921834,
      "duration" : 2763
    },
    "status" : "passed",
    "steps" : [ ],
    "attachments" : [ ],
    "parameters" : [ ],
    "stepsCount" : 0,
    "hasContent" : false,
    "attachmentsCount" : 0,
    "shouldDisplayMessage" : false
  } ],
  "labels" : [ {
    "name" : "parentSuite",
    "value" : "tests"
  }, {
    "name" : "suite",
    "value" : "test_logos"
  }, {
    "name" : "subSuite",
    "value" : "TestLogos"
  }, {
    "name" : "host",
    "value" : "WIN-EKB0MMLGAJ0"
  }, {
    "name" : "thread",
    "value" : "19652-MainThread"
  }, {
    "name" : "framework",
    "value" : "pytest"
  }, {
    "name" : "language",
    "value" : "cpython3"
  }, {
    "name" : "package",
    "value" : "tests.test_logos"
  }, {
    "name" : "resultFormat",
    "value" : "allure2"
  } ],
  "parameters" : [ ],
  "links" : [ ],
  "hidden" : false,
  "retry" : false,
  "extra" : {
    "severity" : "normal",
    "retries" : [ {
      "uid" : "83ced56ac51d731c",
      "status" : "broken",
      "statusDetails" : "TypeError: MainPage.close_banner() takes 1 positional argument but 2 were given",
      "time" : {
        "start" : 1732549252499,
        "stop" : 1732549257961,
        "duration" : 5462
      }
    }, {
      "uid" : "1444d5df523e4863",
      "status" : "passed",
      "time" : {
        "start" : 1732372174711,
        "stop" : 1732372185627,
        "duration" : 10916
      }
    }, {
      "uid" : "585046e018aca7ab",
      "status" : "broken",
      "statusDetails" : "AttributeError: 'NoneType' object has no attribute 'find_element'",
      "time" : {
        "start" : 1732370356302,
        "stop" : 1732370356377,
        "duration" : 75
      }
    }, {
      "uid" : "cd61d61a13b0338e",
      "status" : "passed",
      "time" : {
        "start" : 1732120176487,
        "stop" : 1732120179543,
        "duration" : 3056
      }
    }, {
      "uid" : "4c524f9e673f165c",
      "status" : "passed",
      "time" : {
        "start" : 1732120019607,
        "stop" : 1732120021387,
        "duration" : 1780
      }
    }, {
      "uid" : "669e81e6cf9ad39",
      "status" : "passed",
      "time" : {
        "start" : 1732119431256,
        "stop" : 1732119433625,
        "duration" : 2369
      }
    } ],
    "categories" : [ {
      "name" : "Test defects",
      "matchedStatuses" : [ ],
      "flaky" : false
    } ],
    "tags" : [ ]
  },
  "source" : "8e6d5c412f8cfaf3.json",
  "parameterValues" : [ ]
}